<?xml version="1.0" encoding="UTF-8"?>
<coverage generated="1666781163340" clover="3.2.0">
  <project timestamp="1666781163340" name="All files">
    <metrics statements="20" coveredstatements="20" conditionals="4" coveredconditionals="4" methods="7" coveredmethods="7" elements="31" coveredelements="31" complexity="0" loc="20" ncloc="20" packages="1" files="1" classes="1"/>
    <file name="bankAccount.js" path="/Users/sadat/bankAccount/bankAccount.js">
      <metrics statements="20" coveredstatements="20" conditionals="4" coveredconditionals="4" methods="7" coveredmethods="7"/>
      <line num="3" count="9" type="stmt"/>
      <line num="4" count="9" type="stmt"/>
      <line num="9" count="10" type="stmt"/>
      <line num="10" count="10" type="stmt"/>
      <line num="11" count="10" type="stmt"/>
      <line num="12" count="10" type="stmt"/>
      <line num="13" count="10" type="stmt"/>
      <line num="14" count="10" type="stmt"/>
      <line num="19" count="7" type="stmt"/>
      <line num="24" count="3" type="stmt"/>
      <line num="30" count="6" type="stmt"/>
      <line num="31" count="6" type="stmt"/>
      <line num="40" count="4" type="cond" truecount="2" falsecount="0"/>
      <line num="41" count="1" type="stmt"/>
      <line num="43" count="3" type="stmt"/>
      <line num="44" count="3" type="stmt"/>
      <line num="53" count="2" type="cond" truecount="2" falsecount="0"/>
      <line num="54" count="1" type="stmt"/>
      <line num="56" count="1" type="stmt"/>
      <line num="64" count="1" type="stmt"/>
    </file>
  </project>
</coverage>
