{"/Users/sadat/bankAccount/bankAccount.js": {"path":"/Users/sadat/bankAccount/bankAccount.js","statementMap":{"0":{"start":{"line":3,"column":4},"end":{"line":3,"column":21}},"1":{"start":{"line":4,"column":4},"end":{"line":4,"column":27}},"2":{"start":{"line":9,"column":16},"end":{"line":9,"column":26}},"3":{"start":{"line":10,"column":13},"end":{"line":10,"column":53}},"4":{"start":{"line":11,"column":13},"end":{"line":11,"column":58}},"5":{"start":{"line":12,"column":15},"end":{"line":12,"column":34}},"6":{"start":{"line":13,"column":4},"end":{"line":13,"column":39}},"7":{"start":{"line":14,"column":4},"end":{"line":14,"column":17}},"8":{"start":{"line":19,"column":4},"end":{"line":19,"column":24}},"9":{"start":{"line":24,"column":4},"end":{"line":24,"column":29}},"10":{"start":{"line":30,"column":4},"end":{"line":30,"column":41}},"11":{"start":{"line":31,"column":4},"end":{"line":34,"column":6}},"12":{"start":{"line":40,"column":4},"end":{"line":48,"column":5}},"13":{"start":{"line":41,"column":6},"end":{"line":41,"column":51}},"14":{"start":{"line":43,"column":6},"end":{"line":43,"column":43}},"15":{"start":{"line":44,"column":6},"end":{"line":47,"column":8}},"16":{"start":{"line":53,"column":4},"end":{"line":60,"column":5}},"17":{"start":{"line":54,"column":6},"end":{"line":54,"column":50}},"18":{"start":{"line":56,"column":6},"end":{"line":59,"column":8}},"19":{"start":{"line":64,"column":0},"end":{"line":64,"column":29}}},"fnMap":{"0":{"name":"(anonymous_0)","decl":{"start":{"line":2,"column":2},"end":{"line":2,"column":3}},"loc":{"start":{"line":2,"column":16},"end":{"line":5,"column":3}},"line":2},"1":{"name":"(anonymous_1)","decl":{"start":{"line":8,"column":2},"end":{"line":8,"column":3}},"loc":{"start":{"line":8,"column":13},"end":{"line":15,"column":3}},"line":8},"2":{"name":"(anonymous_2)","decl":{"start":{"line":18,"column":2},"end":{"line":18,"column":3}},"loc":{"start":{"line":18,"column":15},"end":{"line":20,"column":3}},"line":18},"3":{"name":"(anonymous_3)","decl":{"start":{"line":23,"column":2},"end":{"line":23,"column":3}},"loc":{"start":{"line":23,"column":20},"end":{"line":25,"column":3}},"line":23},"4":{"name":"(anonymous_4)","decl":{"start":{"line":29,"column":2},"end":{"line":29,"column":3}},"loc":{"start":{"line":29,"column":18},"end":{"line":35,"column":3}},"line":29},"5":{"name":"(anonymous_5)","decl":{"start":{"line":39,"column":2},"end":{"line":39,"column":3}},"loc":{"start":{"line":39,"column":19},"end":{"line":49,"column":3}},"line":39},"6":{"name":"(anonymous_6)","decl":{"start":{"line":52,"column":2},"end":{"line":52,"column":3}},"loc":{"start":{"line":52,"column":17},"end":{"line":61,"column":3}},"line":52}},"branchMap":{"0":{"loc":{"start":{"line":40,"column":4},"end":{"line":48,"column":5}},"type":"if","locations":[{"start":{"line":40,"column":4},"end":{"line":48,"column":5}},{"start":{"line":42,"column":11},"end":{"line":48,"column":5}}],"line":40},"1":{"loc":{"start":{"line":53,"column":4},"end":{"line":60,"column":5}},"type":"if","locations":[{"start":{"line":53,"column":4},"end":{"line":60,"column":5}},{"start":{"line":55,"column":11},"end":{"line":60,"column":5}}],"line":53}},"s":{"0":9,"1":9,"2":10,"3":10,"4":10,"5":10,"6":10,"7":10,"8":7,"9":3,"10":6,"11":6,"12":4,"13":1,"14":3,"15":3,"16":2,"17":1,"18":1,"19":1},"f":{"0":9,"1":10,"2":7,"3":3,"4":6,"5":4,"6":2},"b":{"0":[1,3],"1":[1,1]},"_coverageSchema":"1a1c01bbd47fc00a2c39e90264f33305004495a9","hash":"aa01e95836a9b56a24d435a0519a59dadd4969a4"}
}
