TN:
SF:bankAccount.js
FN:2,(anonymous_0)
FN:8,(anonymous_1)
FN:18,(anonymous_2)
FN:23,(anonymous_3)
FN:29,(anonymous_4)
FN:39,(anonymous_5)
FN:52,(anonymous_6)
FNF:7
FNH:7
FNDA:9,(anonymous_0)
FNDA:10,(anonymous_1)
FNDA:7,(anonymous_2)
FNDA:3,(anonymous_3)
FNDA:6,(anonymous_4)
FNDA:4,(anonymous_5)
FNDA:2,(anonymous_6)
DA:3,9
DA:4,9
DA:9,10
DA:10,10
DA:11,10
DA:12,10
DA:13,10
DA:14,10
DA:19,7
DA:24,3
DA:30,6
DA:31,6
DA:40,4
DA:41,1
DA:43,3
DA:44,3
DA:53,2
DA:54,1
DA:56,1
DA:64,1
LF:20
LH:20
BRDA:40,0,0,1
BRDA:40,0,1,3
BRDA:53,1,0,1
BRDA:53,1,1,1
BRF:4
BRH:4
end_of_record
